<?xml version="1.0" encoding="UTF-8"?>
<!-- Generated by org.testng.reporters.JUnitXMLReporter -->
<testsuite hostname="DESKTOP-2LPBGJ8" ignored="1" name="Test1" tests="4" failures="0" timestamp="2022-08-18T14:24:26 EDT" time="10.559" errors="0">
  <testcase name="launchApp" time="5.536" classname="testNG.Practice2"/>
  <testcase name="enterLoginDetails" time="3.949" classname="testNG.Practice2"/>
  <testcase name="verifyLogin" time="0.118" classname="testNG.Practice2"/>
  <testcase name="verifLoginPage" time="0.885" classname="testNG.Practice2"/>
  <testcase name="tearDown" time="0.0" classname="testNG.Practice2">
    <ignored/>
  </testcase> <!-- tearDown -->
</testsuite> <!-- Test1 -->
