<?xml version="1.0" encoding="UTF-8"?>
<testng-results skipped="0" failed="0" ignored="0" total="2" passed="2">
  <reporter-output>
  </reporter-output>
  <suite name="Practice2" duration-ms="144" started-at="2023-02-06T18:16:10 EST" finished-at="2023-02-06T18:16:10 EST">
    <groups>
    </groups>
    <test name="Test1" duration-ms="144" started-at="2023-02-06T18:16:10 EST" finished-at="2023-02-06T18:16:10 EST">
      <class name="testNG.Annotations">
        <test-method status="PASS" signature="beforeTest()[pri:0, instance:testNG.Annotations@76ed1b7c]" name="beforeTest" is-config="true" duration-ms="19" started-at="2023-02-06T18:16:10 EST" finished-at="2023-02-06T18:16:10 EST">
          <reporter-output>
          </reporter-output>
        </test-method> <!-- beforeTest -->
        <test-method status="PASS" signature="beforeClass()[pri:0, instance:testNG.Annotations@76ed1b7c]" name="beforeClass" is-config="true" duration-ms="2" started-at="2023-02-06T18:16:10 EST" finished-at="2023-02-06T18:16:10 EST">
          <reporter-output>
          </reporter-output>
        </test-method> <!-- beforeClass -->
        <test-method status="PASS" signature="beforeMethod()[pri:0, instance:testNG.Annotations@76ed1b7c]" name="beforeMethod" is-config="true" duration-ms="1" started-at="2023-02-06T18:16:10 EST" finished-at="2023-02-06T18:16:10 EST">
          <reporter-output>
          </reporter-output>
        </test-method> <!-- beforeMethod -->
        <test-method status="PASS" signature="testMethod1()[pri:0, instance:testNG.Annotations@76ed1b7c]" name="testMethod1" duration-ms="14" started-at="2023-02-06T18:16:10 EST" finished-at="2023-02-06T18:16:10 EST">
          <reporter-output>
          </reporter-output>
        </test-method> <!-- testMethod1 -->
        <test-method status="PASS" signature="afterMethod()[pri:0, instance:testNG.Annotations@76ed1b7c]" name="afterMethod" is-config="true" duration-ms="1" started-at="2023-02-06T18:16:10 EST" finished-at="2023-02-06T18:16:10 EST">
          <reporter-output>
          </reporter-output>
        </test-method> <!-- afterMethod -->
        <test-method status="PASS" signature="beforeMethod()[pri:0, instance:testNG.Annotations@76ed1b7c]" name="beforeMethod" is-config="true" duration-ms="1" started-at="2023-02-06T18:16:10 EST" finished-at="2023-02-06T18:16:10 EST">
          <reporter-output>
          </reporter-output>
        </test-method> <!-- beforeMethod -->
        <test-method status="PASS" signature="testMethod2()[pri:0, instance:testNG.Annotations@76ed1b7c]" name="testMethod2" duration-ms="10" started-at="2023-02-06T18:16:10 EST" finished-at="2023-02-06T18:16:10 EST">
          <reporter-output>
          </reporter-output>
        </test-method> <!-- testMethod2 -->
        <test-method status="PASS" signature="afterMethod()[pri:0, instance:testNG.Annotations@76ed1b7c]" name="afterMethod" is-config="true" duration-ms="1" started-at="2023-02-06T18:16:10 EST" finished-at="2023-02-06T18:16:10 EST">
          <reporter-output>
          </reporter-output>
        </test-method> <!-- afterMethod -->
        <test-method status="PASS" signature="afterClass()[pri:0, instance:testNG.Annotations@76ed1b7c]" name="afterClass" is-config="true" duration-ms="1" started-at="2023-02-06T18:16:10 EST" finished-at="2023-02-06T18:16:10 EST">
          <reporter-output>
          </reporter-output>
        </test-method> <!-- afterClass -->
        <test-method status="PASS" signature="afterTest()[pri:0, instance:testNG.Annotations@76ed1b7c]" name="afterTest" is-config="true" duration-ms="2" started-at="2023-02-06T18:16:10 EST" finished-at="2023-02-06T18:16:10 EST">
          <reporter-output>
          </reporter-output>
        </test-method> <!-- afterTest -->
      </class> <!-- testNG.Annotations -->
    </test> <!-- Test1 -->
  </suite> <!-- Practice2 -->
</testng-results>
