<?xml version="1.0" encoding="UTF-8"?>
<!-- Generated by org.testng.reporters.JUnitXMLReporter -->
<testsuite hostname="DESKTOP-2LPBGJ8" ignored="3" tests="0" failures="0" timestamp="2022-08-20T12:53:22 EDT" time="0.001" errors="0">
  <testcase name="searchForFlights" time="0.0" classname="testNG.Group2">
    <ignored/>
  </testcase> <!-- searchForFlights -->
  <testcase name="bookFlights" time="0.0" classname="testNG.Group2">
    <ignored/>
  </testcase> <!-- bookFlights -->
  <testcase name="SignedOutApp" time="0.0" classname="testNG.Group2">
    <ignored/>
  </testcase> <!-- SignedOutApp -->
</testsuite>
