<?xml version="1.0" encoding="UTF-8"?>
<!-- Generated by org.testng.reporters.JUnitXMLReporter -->
<testsuite hostname="DESKTOP-2LPBGJ8" ignored="2" name="Test1" tests="1" failures="0" timestamp="2022-08-22T09:47:33 EDT" time="0.058" errors="0">
  <testcase name="test2" time="0.009" classname="testNG.Exclude"/>
  <testcase name="test1" time="0.0" classname="testNG.Exclude">
    <ignored/>
  </testcase> <!-- test1 -->
  <testcase name="test3" time="0.0" classname="testNG.Exclude">
    <ignored/>
  </testcase> <!-- test3 -->
</testsuite> <!-- Test1 -->
