<?xml version="1.0" encoding="UTF-8"?>
<!-- Generated by org.testng.reporters.JUnitXMLReporter -->
<testsuite hostname="DESKTOP-2LPBGJ8" ignored="0" name="Car Testing" tests="7" failures="0" timestamp="01 Dec 2022 23:40:30 GMT" time="0.09" errors="0">
  <testcase name="checkEngine" time="0.004" classname="rahulShetty.Day2"/>
  <testcase name="startCar" time="0.001" classname="rahulShetty.Day2"/>
  <testcase name="stopCar" time="0.002" classname="rahulShetty.Day2"/>
  <testcase name="checkAcc" time="0.006" classname="rahulShetty.Day3"/>
  <testcase name="createAcc" time="0.005" classname="rahulShetty.Day3"/>
  <testcase name="logOut" time="0.005" classname="rahulShetty.Day3"/>
  <testcase name="loginAcc" time="0.001" classname="rahulShetty.Day3"/>
</testsuite> <!-- Car Testing -->
