<?xml version="1.0" encoding="UTF-8"?>
<!-- Generated by org.testng.reporters.JUnitXMLReporter -->
<testsuite hostname="DESKTOP-2LPBGJ8" ignored="0" name="Car Test" tests="6" failures="0" timestamp="01 Dec 2022 23:18:56 GMT" time="0.147" errors="0">
  <testcase name="login" time="0.017" classname="rahulShetty.Day1"/>
  <testcase name="loginValidation" time="0.003" classname="rahulShetty.Day1"/>
  <testcase name="logout" time="0.006" classname="rahulShetty.Day1"/>
  <testcase name="checkEngine" time="0.004" classname="rahulShetty.Day2"/>
  <testcase name="startCar" time="0.013" classname="rahulShetty.Day2"/>
  <testcase name="stopCar" time="0.002" classname="rahulShetty.Day2"/>
</testsuite> <!-- Car Test -->
