<?xml version="1.0" encoding="UTF-8"?>
<!-- Generated by org.testng.reporters.JUnitXMLReporter -->
<testsuite hostname="DESKTOP-2LPBGJ8" ignored="0" name="Google Testing" tests="3" failures="0" timestamp="01 Dec 2022 23:40:30 GMT" time="0.077" errors="0">
  <testcase name="login" time="0.01" classname="rahulShetty.Day1"/>
  <testcase name="loginValidation" time="0.004" classname="rahulShetty.Day1"/>
  <testcase name="logout" time="0.005" classname="rahulShetty.Day1"/>
</testsuite> <!-- Google Testing -->
