<?xml version="1.0" encoding="UTF-8"?>
<!-- Generated by org.testng.reporters.JUnitXMLReporter -->
<testsuite hostname="DESKTOP-2LPBGJ8" ignored="7" name="Regression" tests="3" failures="0" timestamp="01 Dec 2022 23:50:24 GMT" time="0.064" errors="0">
  <testcase name="logout" time="0.014" classname="rahulShetty.Day1"/>
  <testcase name="checkEngine" time="0.004" classname="rahulShetty.Day2"/>
  <testcase name="loginAcc" time="0.002" classname="rahulShetty.Day3"/>
  <testcase name="checkAcc" time="0.0" classname="rahulShetty.Day3">
    <ignored/>
  </testcase> <!-- checkAcc -->
  <testcase name="startCar" time="0.0" classname="rahulShetty.Day2">
    <ignored/>
  </testcase> <!-- startCar -->
  <testcase name="loginValidation" time="0.0" classname="rahulShetty.Day1">
    <ignored/>
  </testcase> <!-- loginValidation -->
  <testcase name="stopCar" time="0.0" classname="rahulShetty.Day2">
    <ignored/>
  </testcase> <!-- stopCar -->
  <testcase name="createAcc" time="0.0" classname="rahulShetty.Day3">
    <ignored/>
  </testcase> <!-- createAcc -->
  <testcase name="login" time="0.0" classname="rahulShetty.Day1">
    <ignored/>
  </testcase> <!-- login -->
  <testcase name="logOut" time="0.0" classname="rahulShetty.Day3">
    <ignored/>
  </testcase> <!-- logOut -->
</testsuite> <!-- Regression -->
