<?xml version="1.0" encoding="UTF-8"?>
<!-- Generated by org.testng.reporters.JUnitXMLReporter -->
<testsuite hostname="DESKTOP-2LPBGJ8" ignored="0" name="Test1" tests="5" failures="0" timestamp="2022-08-18T20:42:49 EDT" time="0.095" errors="0">
  <testcase name="test2" time="0.01" classname="testNG.Ignore"/>
  <testcase name="test3" time="0.002" classname="testNG.Ignore"/>
  <testcase name="SignedOutApp" time="0.002" classname="testNG.Ignore2"/>
  <testcase name="bookFlights" time="0.003" classname="testNG.Ignore2"/>
  <testcase name="searchForFlights" time="0.001" classname="testNG.Ignore2"/>
</testsuite> <!-- Test1 -->
