<?xml version="1.0" encoding="UTF-8"?>
<!-- Generated by org.testng.reporters.JUnitXMLReporter -->
<testsuite hostname="DESKTOP-2LPBGJ8" ignored="0" name="Test1" tests="5" failures="0" timestamp="2022-08-18T15:48:05 EDT" time="12.199" errors="0">
  <testcase name="lounchBrowser" time="4.267" classname="testNG.Parameters"/>
  <testcase name="launchApp" time="2.542" classname="testNG.Parameters"/>
  <testcase name="enterLoginDetails" time="4.212" classname="testNG.Parameters"/>
  <testcase name="verifyLogin" time="0.149" classname="testNG.Parameters"/>
  <testcase name="verifLoginPage" time="0.923" classname="testNG.Parameters"/>
</testsuite> <!-- Test1 -->
