<?xml version="1.0" encoding="UTF-8"?>
<!-- Generated by org.testng.reporters.JUnitXMLReporter -->
<testsuite hostname="DESKTOP-2LPBGJ8" ignored="3" tests="0" failures="0" timestamp="2022-08-17T13:49:52 EDT" time="0.001" errors="0">
  <testcase name="enterLoginDetails" time="0.0" classname="testNG.TekSchool">
    <ignored/>
  </testcase> <!-- enterLoginDetails -->
  <testcase name="verifLoginPage" time="0.0" classname="testNG.TekSchool">
    <ignored/>
  </testcase> <!-- verifLoginPage -->
  <testcase name="verifyLogin" time="0.0" classname="testNG.TekSchool">
    <ignored/>
  </testcase> <!-- verifyLogin -->
</testsuite>
