<?xml version="1.0" encoding="UTF-8"?>
<!-- Generated by org.testng.reporters.JUnitXMLReporter -->
<testsuite hostname="DESKTOP-2LPBGJ8" ignored="0" name="Test1" tests="6" failures="0" timestamp="2022-08-18T16:27:45 EDT" time="0.109" errors="0">
  <testcase name="launchApp" time="0.01" classname="testNG.Perioritize"/>
  <testcase name="signUp" time="0.001" classname="testNG.Perioritize"/>
  <testcase name="SignedOutApp" time="0.002" classname="testNG.Perioritize"/>
  <testcase name="bookFlights" time="0.002" classname="testNG.Perioritize"/>
  <testcase name="logintoApp" time="0.002" classname="testNG.Perioritize"/>
  <testcase name="searchForFlights" time="0.002" classname="testNG.Perioritize"/>
</testsuite> <!-- Test1 -->
